<?xml version="1.0" encoding="UTF-8"?>
<!-- Generated by org.testng.reporters.JUnitReportReporter -->
<testsuite skipped="0" hostname="SWT-LTOP-208" name="com.qa.opencart.tests.HomePageTest" tests="5" failures="0" timestamp="2022-07-11T12:26:33 IST" time="2.797" errors="0">
  <testcase name="searchTest" time="1.307" classname="com.qa.opencart.tests.HomePageTest"/>
  <system-out/>
  <testcase name="homePageURLTest" time="0.001" classname="com.qa.opencart.tests.HomePageTest"/>
  <system-out/>
  <testcase name="searchTest" time="0.716" classname="com.qa.opencart.tests.HomePageTest"/>
  <system-out/>
  <testcase name="homePageTitleTest" time="0.012" classname="com.qa.opencart.tests.HomePageTest"/>
  <system-out/>
  <testcase name="searchTest" time="0.761" classname="com.qa.opencart.tests.HomePageTest"/>
  <system-out/>
</testsuite> <!-- com.qa.opencart.tests.HomePageTest -->
