<?xml version="1.0" encoding="UTF-8"?>
<!-- Generated by org.testng.reporters.JUnitReportReporter -->
<testsuite skipped="0" hostname="SWT-LTOP-208" name="com.qa.opencart.tests.LoginPageTest" tests="3" failures="0" timestamp="2022-07-11T12:26:33 IST" time="1.809" errors="0">
  <testcase name="LoginPageNavigtionTest" time="0.644" classname="com.qa.opencart.tests.LoginPageTest"/>
  <system-out/>
  <testcase name="ForgotPwdLinkExistTest" time="0.086" classname="com.qa.opencart.tests.LoginPageTest"/>
  <system-out/>
  <testcase name="appLoginTest" time="1.079" classname="com.qa.opencart.tests.LoginPageTest"/>
  <system-out/>
</testsuite> <!-- com.qa.opencart.tests.LoginPageTest -->
