<?xml version="1.0" encoding="UTF-8"?>
<!-- Generated by org.testng.reporters.JUnitReportReporter -->
<testsuite skipped="0" hostname="SWT-LTOP-208" name="com.qa.opencart.tests.HomePageTest" tests="5" failures="0" timestamp="2022-07-11T16:01:15 IST" time="2.371" errors="0">
  <testcase name="searchTest" time="0.704" classname="com.qa.opencart.tests.HomePageTest"/>
  <system-out/>
  <testcase name="homePageTitleTest" time="0.014" classname="com.qa.opencart.tests.HomePageTest"/>
  <system-out/>
  <testcase name="searchTest" time="0.852" classname="com.qa.opencart.tests.HomePageTest"/>
  <system-out/>
  <testcase name="homePageURLTest" time="0.002" classname="com.qa.opencart.tests.HomePageTest"/>
  <system-out/>
  <testcase name="searchTest" time="0.799" classname="com.qa.opencart.tests.HomePageTest"/>
  <system-out/>
</testsuite> <!-- com.qa.opencart.tests.HomePageTest -->
