<?xml version="1.0" encoding="UTF-8"?>
<!-- Generated by org.testng.reporters.JUnitReportReporter -->
<testsuite skipped="0" hostname="SWT-LTOP-208" name="com.qa.opencart.tests.LoginPageTest" tests="3" failures="0" timestamp="2022-07-11T16:01:15 IST" time="1.374" errors="0">
  <testcase name="LoginPageNavigtionTest" time="0.475" classname="com.qa.opencart.tests.LoginPageTest"/>
  <system-out/>
  <testcase name="ForgotPwdLinkExistTest" time="0.081" classname="com.qa.opencart.tests.LoginPageTest"/>
  <system-out/>
  <testcase name="appLoginTest" time="0.818" classname="com.qa.opencart.tests.LoginPageTest"/>
  <system-out/>
</testsuite> <!-- com.qa.opencart.tests.LoginPageTest -->
